#
# An unexpected error has been detected by Java Runtime Environment:
#
#  EXCEPTION_ACCESS_VIOLATION (0xc0000005) at pc=0x000000000e0497ee, pid=29144, tid=5388
#
# Java VM: Java HotSpot(TM) 64-Bit Server VM (11.2-b01 mixed mode windows-amd64)
# Problematic frame:
# j  java.awt.DefaultKeyboardFocusManager.dispatchEvent(Ljava/awt/AWTEvent;)Z+1339
#
# If you would like to submit a bug report, please visit:
#   http://java.sun.com/webapps/bugreport/crash.jsp
#

---------------  T H R E A D  ---------------

Current thread (0x000000002e39f400):  JavaThread "AWT-EventQueue-0" [_thread_in_Java, id=5388, stack(0x000000002f4d0000,0x000000002f550000)]

siginfo: ExceptionCode=0xc0000005, reading address 0xffffffff80800052

Registers:
EAX=0x0000000013d83b30, EBX=0xffffffff80800002, ECX=0x0000000022fc9990, EDX=0x0000000011ba0020
ESP=0x000000002f54f350, EBP=0x000000002f54f3a0, ESI=0x00000000000000d0, EDI=0x00000000121109b8
EIP=0x000000000e0497ee, EFLAGS=0x0000000000010206

Top of Stack: (sp=0x000000002f54f350)
0x000000002f54f350:   000000000e033269 0000000022fc9990
0x000000002f54f360:   000000002f54f360 0000000011737363
0x000000002f54f370:   000000002f54f400 0000000011746db8
0x000000002f54f380:   0000000014537378 0000000011737410
0x000000002f54f390:   0000000000000000 000000002f54f3f8
0x000000002f54f3a0:   000000002f54f448 000000000e03319a
0x000000002f54f3b0:   0000000000000000 0000000000000000
0x000000002f54f3c0:   0000000000000000 0000000022fc9990
0x000000002f54f3d0:   0000000022fc9990 0000000022fc0418
0x000000002f54f3e0:   0000000022fe0550 0000000022fc0418
0x000000002f54f3f0:   00000000225cc760 00000000225cc760
0x000000002f54f400:   000000001a008b48 000000002f54f408
0x000000002f54f410:   00000000114140b0 000000002f54f490
0x000000002f54f420:   0000000011574140 000000001453cf50
0x000000002f54f430:   0000000011414388 000000002f54f3f8
0x000000002f54f440:   000000002f54f4a0 0000000022fe0550 

Instructions: (pc=0x000000000e0497ee)
0x000000000e0497de:   49 83 c6 30 4c 89 75 e0 48 8b 9c d8 10 02 00 00
0x000000000e0497ee:   48 8b 53 50 4c 8d 6c 24 08 4c 89 6d f0 ff 63 70 


Stack: [0x000000002f4d0000,0x000000002f550000],  sp=0x000000002f54f350,  free space=508k
Native frames: (J=compiled Java code, j=interpreted, Vv=VM code, C=native code)
j  java.awt.DefaultKeyboardFocusManager.dispatchEvent(Ljava/awt/AWTEvent;)Z+1339
j  java.awt.Component.dispatchEventImpl(Ljava/awt/AWTEvent;)V+128


---------------  P R O C E S S  ---------------

Java Threads: ( => current thread )
  0x000000003848b000 JavaThread "Foxtrot Multi Worker Thread Runner #2" daemon [_thread_blocked, id=9228, stack(0x000000003d6a0000,0x000000003d720000)]
  0x0000000038488c00 JavaThread "Thread-618" [_thread_blocked, id=18576, stack(0x000000003c3d0000,0x000000003c450000)]
  0x0000000038487000 JavaThread "Thread-289" [_thread_blocked, id=2560, stack(0x0000000007c10000,0x0000000007c90000)]
  0x0000000038486000 JavaThread "Foxtrot Single Worker Thread #1" daemon [_thread_blocked, id=7392, stack(0x0000000007ef0000,0x0000000007f70000)]
  0x0000000038487c00 JavaThread "Active Reference Queue Daemon" daemon [_thread_blocked, id=11912, stack(0x000000000c920000,0x000000000c9a0000)]
  0x0000000038485400 JavaThread "Timer-27" daemon [_thread_blocked, id=12084, stack(0x000000000c8a0000,0x000000000c920000)]
  0x0000000038488400 JavaThread "FelixPackageAdmin" daemon [_thread_blocked, id=16224, stack(0x000000002fa30000,0x000000002fab0000)]
  0x0000000038484c00 JavaThread "FelixStartLevel" daemon [_thread_blocked, id=14564, stack(0x000000002f9b0000,0x000000002fa30000)]
  0x0000000038485c00 JavaThread "FelixDispatchQueue" daemon [_thread_blocked, id=3460, stack(0x000000002f850000,0x000000002f8d0000)]
  0x000000002e554800 JavaThread "Timer-8" daemon [_thread_blocked, id=7004, stack(0x00000000301f0000,0x0000000030270000)]
  0x000000002e555400 JavaThread "Prefs Updater" daemon [_thread_blocked, id=9768, stack(0x000000002f8d0000,0x000000002f950000)]
  0x000000002e553000 JavaThread "Timer-1" [_thread_blocked, id=13296, stack(0x000000002f650000,0x000000002f6d0000)]
  0x000000002e7ab800 JavaThread "TimerQueue" daemon [_thread_blocked, id=20908, stack(0x000000002f550000,0x000000002f5d0000)]
=>0x000000002e39f400 JavaThread "AWT-EventQueue-0" [_thread_in_Java, id=5388, stack(0x000000002f4d0000,0x000000002f550000)]
  0x000000002e204400 JavaThread "AWT-Windows" daemon [_thread_in_native, id=26676, stack(0x000000000cbf0000,0x000000000cc70000)]
  0x000000002e105400 JavaThread "AWT-Shutdown" [_thread_blocked, id=23916, stack(0x000000000cb70000,0x000000000cbf0000)]
  0x000000002e204000 JavaThread "Java2D Disposer" daemon [_thread_blocked, id=24668, stack(0x000000000caf0000,0x000000000cb70000)]
  0x000000002d9a0800 JavaThread "Timer-0" [_thread_blocked, id=6340, stack(0x000000002dc80000,0x000000002dd00000)]
  0x000000002da75000 JavaThread "JMI Unnamed Thread" [_thread_in_native, id=21100, stack(0x00000000059d0000,0x00000000069d0000)]
  0x0000000029544800 JavaThread "Low Memory Detector" daemon [_thread_blocked, id=16236, stack(0x000000002c7f0000,0x000000002c870000)]
  0x000000002953b800 JavaThread "CompilerThread1" daemon [_thread_blocked, id=26056, stack(0x000000002b7f0000,0x000000002c7f0000)]
  0x000000002953b000 JavaThread "CompilerThread0" daemon [_thread_blocked, id=26412, stack(0x000000002a7f0000,0x000000002b7f0000)]
  0x00000000045db000 JavaThread "Attach Listener" daemon [_thread_blocked, id=6508, stack(0x000000002a770000,0x000000002a7f0000)]
  0x00000000045d1c00 JavaThread "Finalizer" daemon [_thread_blocked, id=2588, stack(0x000000002a6f0000,0x000000002a770000)]
  0x00000000045cb000 JavaThread "Reference Handler" daemon [_thread_blocked, id=9004, stack(0x000000002a670000,0x000000002a6f0000)]
  0x00000000044ecc00 JavaThread "main" [_thread_in_native, id=9476, stack(0x0000000000040000,0x0000000001040000)]

Other Threads:
  0x00000000045c6400 VMThread [stack: 0x0000000029670000,0x000000002a670000] [id=2612]
  0x0000000029563000 WatcherThread [stack: 0x000000002c870000,0x000000002d870000] [id=8032]

VM state:not at safepoint (normal execution)

VM Mutex/Monitor currently owned by a thread: None

Heap
 PSYoungGen      total 14976K, used 4339K [0x0000000022330000, 0x0000000023410000, 0x0000000025430000)
  eden space 12864K, 20% used [0x0000000022330000,0x00000000225cda60,0x0000000022fc0000)
  from space 2112K, 78% used [0x0000000022fc0000,0x000000002315f260,0x00000000231d0000)
  to   space 2176K, 0% used [0x00000000231f0000,0x00000000231f0000,0x0000000023410000)
 PSOldGen        total 106432K, used 68441K [0x0000000019030000, 0x000000001f820000, 0x0000000022330000)
  object space 106432K, 64% used [0x0000000019030000,0x000000001d3064b0,0x000000001f820000)
 PSPermGen       total 94464K, used 58060K [0x0000000011030000, 0x0000000016c70000, 0x0000000019030000)
  object space 94464K, 61% used [0x0000000011030000,0x00000000148e3080,0x0000000016c70000)

Dynamic libraries:
0x0000000140000000 - 0x000000014002a000 	F:\Program Files\MATLAB\R2010a\bin\win64\MATLAB.exe
0x00007fffcbea0000 - 0x00007fffcc04d000 	C:\Windows\SYSTEM32\ntdll.dll
0x00007fffcb040000 - 0x00007fffcb17a000 	C:\Windows\system32\KERNEL32.DLL
0x00007fffc9160000 - 0x00007fffc9275000 	C:\Windows\system32\KERNELBASE.dll
0x000000007ce80000 - 0x000000007cf96000 	F:\Program Files\MATLAB\R2010a\bin\win64\libut.dll
0x0000000078930000 - 0x0000000078a4e000 	F:\Program Files\MATLAB\R2010a\bin\win64\libmwfl.dll
0x000000007d010000 - 0x000000007d298000 	F:\Program Files\MATLAB\R2010a\bin\win64\libmwservices.dll
0x000000007ad90000 - 0x000000007ae2e000 	F:\Program Files\MATLAB\R2010a\bin\win64\mcr.dll
0x00000000649f0000 - 0x0000000064af9000 	C:\Windows\WinSxS\amd64_microsoft.vc80.crt_1fc8b3b9a1e18e3b_8.0.50727.8428_none_88dcdb0b2fb19957\MSVCP80.dll
0x0000000064b00000 - 0x0000000064bc9000 	C:\Windows\WinSxS\amd64_microsoft.vc80.crt_1fc8b3b9a1e18e3b_8.0.50727.8428_none_88dcdb0b2fb19957\MSVCR80.dll
0x00007fffcb3b0000 - 0x00007fffcb3c5000 	C:\Windows\system32\imagehlp.dll
0x00007fffcbaa0000 - 0x00007fffcbaa7000 	C:\Windows\system32\PSAPI.DLL
0x000000007d660000 - 0x000000007d688000 	F:\Program Files\MATLAB\R2010a\bin\win64\LIBEXPAT.dll
0x000000007d380000 - 0x000000007d4ac000 	F:\Program Files\MATLAB\R2010a\bin\win64\icuuc40.dll
0x000000007c8c0000 - 0x000000007c8d0000 	F:\Program Files\MATLAB\R2010a\bin\win64\icuio40.dll
0x00007fffcb900000 - 0x00007fffcba71000 	C:\Windows\system32\USER32.dll
0x00007fffcaf30000 - 0x00007fffcafda000 	C:\Windows\system32\ADVAPI32.dll
0x00000000788c0000 - 0x00000000788fe000 	F:\Program Files\MATLAB\R2010a\bin\win64\tbb.dll
0x000000007e960000 - 0x000000007e96f000 	F:\Program Files\MATLAB\R2010a\bin\win64\boost_date_time-vc80-mt-1_36.dll
0x000000007ebf0000 - 0x000000007ec0d000 	F:\Program Files\MATLAB\R2010a\bin\win64\boost_filesystem-vc80-mt-1_36.dll
0x000000007e940000 - 0x000000007e956000 	F:\Program Files\MATLAB\R2010a\bin\win64\boost_signals-vc80-mt-1_36.dll
0x000000007dbd0000 - 0x000000007dbd9000 	F:\Program Files\MATLAB\R2010a\bin\win64\boost_system-vc80-mt-1_36.dll
0x000000007c890000 - 0x000000007c8a1000 	F:\Program Files\MATLAB\R2010a\bin\win64\boost_thread-vc80-mt-1_36.dll
0x000000007cfa0000 - 0x000000007d00d000 	F:\Program Files\MATLAB\R2010a\bin\win64\libmx.dll
0x000000007d2a0000 - 0x000000007d37c000 	F:\Program Files\MATLAB\R2010a\bin\win64\libmwmathutil.dll
0x000000007a9b0000 - 0x000000007aa0e000 	F:\Program Files\MATLAB\R2010a\bin\win64\mpath.dll
0x000000007d690000 - 0x000000007d812000 	F:\Program Files\MATLAB\R2010a\bin\win64\mlutil.dll
0x00007fffc58f0000 - 0x00007fffc5994000 	C:\Windows\WinSxS\amd64_microsoft.windows.common-controls_6595b64144ccf1df_5.82.9600.17810_none_34ae2abd958aedeb\COMCTL32.dll
0x00007fffc9440000 - 0x00007fffc94de000 	C:\Windows\system32\comdlg32.dll
0x00007fffc4dc0000 - 0x00007fffc4dd5000 	C:\Windows\SYSTEM32\NETAPI32.dll
0x00007fffcbb60000 - 0x00007fffcbbb8000 	C:\Windows\system32\WS2_32.dll
0x00007fffc9a00000 - 0x00007fffcaf2b000 	C:\Windows\system32\SHELL32.dll
0x000000007f7c0000 - 0x000000007f7e5000 	F:\Program Files\MATLAB\R2010a\bin\win64\libmwi18n.dll
0x000000007c8d0000 - 0x000000007c983000 	F:\Program Files\MATLAB\R2010a\bin\win64\iqm.dll
0x000000007f780000 - 0x000000007f7ac000 	F:\Program Files\MATLAB\R2010a\bin\win64\libmwbridge.dll
0x000000007c9b0000 - 0x000000007c9c6000 	F:\Program Files\MATLAB\R2010a\bin\win64\libmex.dll
0x000000007abf0000 - 0x000000007aca4000 	F:\Program Files\MATLAB\R2010a\bin\win64\m_dispatcher.dll
0x0000000078a50000 - 0x0000000078d2f000 	F:\Program Files\MATLAB\R2010a\bin\win64\mcos.dll
0x000000007d4b0000 - 0x000000007d604000 	F:\Program Files\MATLAB\R2010a\bin\win64\libmwgui.dll
0x0000000079320000 - 0x0000000079acf000 	F:\Program Files\MATLAB\R2010a\bin\win64\hg.dll
0x0000000078670000 - 0x0000000078721000 	F:\Program Files\MATLAB\R2010a\bin\win64\hgutils.dll
0x000000007b500000 - 0x000000007bdb0000 	F:\Program Files\MATLAB\R2010a\bin\win64\m_interpreter.dll
0x000000007a860000 - 0x000000007a8e3000 	F:\Program Files\MATLAB\R2010a\bin\win64\jmi.dll
0x000000007ae30000 - 0x000000007aee6000 	F:\Program Files\MATLAB\R2010a\bin\win64\udd_mi.dll
0x000000007c5c0000 - 0x000000007c881000 	F:\Program Files\MATLAB\R2010a\bin\win64\uiw.dll
0x0000000079220000 - 0x000000007923f000 	F:\Program Files\MATLAB\R2010a\bin\win64\mwoles05.DLL
0x000000007aa10000 - 0x000000007aa82000 	F:\Program Files\MATLAB\R2010a\bin\win64\comcli.dll
0x000000007ca80000 - 0x000000007ca8e000 	F:\Program Files\MATLAB\R2010a\bin\win64\mlautoregister.dll
0x00007fffc92e0000 - 0x00007fffc9430000 	C:\Windows\system32\GDI32.dll
0x00007fffcbbc0000 - 0x00007fffcbd54000 	C:\Windows\system32\ole32.dll
0x00007fffcbab0000 - 0x00007fffcbb57000 	C:\Windows\system32\msvcrt.dll
0x000000007c8b0000 - 0x000000007c8b3000 	F:\Program Files\MATLAB\R2010a\bin\win64\icudt40.dll
0x000000007cb00000 - 0x000000007cc53000 	F:\Program Files\MATLAB\R2010a\bin\win64\icuin40.dll
0x00007fffcafe0000 - 0x00007fffcb039000 	C:\Windows\SYSTEM32\sechost.dll
0x00007fffcb3e0000 - 0x00007fffcb521000 	C:\Windows\system32\RPCRT4.dll
0x00000000792b0000 - 0x00000000792c7000 	F:\Program Files\MATLAB\R2010a\bin\win64\zlib1.dll
0x000000007e860000 - 0x000000007e8ec000 	F:\Program Files\MATLAB\R2010a\bin\win64\xmlcore.dll
0x00007fffc94e0000 - 0x00007fffc9531000 	C:\Windows\system32\SHLWAPI.dll
0x00007fffc8090000 - 0x00007fffc809c000 	C:\Windows\SYSTEM32\netutils.dll
0x00007fffc8ab0000 - 0x00007fffc8ad5000 	C:\Windows\SYSTEM32\srvcli.dll
0x00007fffc7be0000 - 0x00007fffc7bf6000 	C:\Windows\SYSTEM32\wkscli.dll
0x00007fffcb530000 - 0x00007fffcb539000 	C:\Windows\system32\NSI.dll
0x00007fffcb540000 - 0x00007fffcb751000 	C:\Windows\SYSTEM32\combase.dll
0x000000007c4f0000 - 0x000000007c5b7000 	F:\Program Files\MATLAB\R2010a\bin\win64\udd.dll
0x000000007a320000 - 0x000000007a5b5000 	F:\Program Files\MATLAB\R2010a\bin\win64\xerces-c_2_7.dll
0x000000007ead0000 - 0x000000007ebc1000 	F:\Program Files\MATLAB\R2010a\bin\win64\boost_regex-vc80-mt-1_36.dll
0x0000000079100000 - 0x0000000079150000 	F:\Program Files\MATLAB\R2010a\bin\win64\libmat.dll
0x000000007a790000 - 0x000000007a7d6000 	F:\Program Files\MATLAB\R2010a\bin\win64\libmwhardcopy.dll
0x000000007a8f0000 - 0x000000007a959000 	F:\Program Files\MATLAB\R2010a\bin\win64\libuij.dll
0x0000000078730000 - 0x00000000788b3000 	F:\Program Files\MATLAB\R2010a\bin\win64\hgdatatypes.dll
0x0000000079150000 - 0x00000000791cc000 	F:\Program Files\MATLAB\R2010a\bin\win64\libmwlapack.dll
0x0000000064280000 - 0x000000006441c000 	C:\Windows\WinSxS\amd64_microsoft.vc80.mfc_1fc8b3b9a1e18e3b_8.0.50727.4053_none_8444db7d32915e4c\MFC80.DLL
0x00007fffc6050000 - 0x00007fffc60cb000 	C:\Windows\SYSTEM32\WINSPOOL.DRV
0x00007fffc9540000 - 0x00007fffc9601000 	C:\Windows\system32\OLEAUT32.dll
0x000000007aa90000 - 0x000000007ab27000 	F:\Program Files\MATLAB\R2010a\bin\win64\profiler.dll
0x000000007ca40000 - 0x000000007ca71000 	F:\Program Files\MATLAB\R2010a\bin\win64\libmwmathrng.dll
0x0000000079200000 - 0x000000007921a000 	F:\Program Files\MATLAB\R2010a\bin\win64\m_pcodeio.dll
0x000000007a960000 - 0x000000007a9ad000 	F:\Program Files\MATLAB\R2010a\bin\win64\m_ir.dll
0x000000007aef0000 - 0x000000007b4f1000 	F:\Program Files\MATLAB\R2010a\bin\win64\m_parser.dll
0x00000000791d0000 - 0x00000000791f6000 	F:\Program Files\MATLAB\R2010a\bin\win64\m_pcodegen.dll
0x000000007f720000 - 0x000000007f772000 	F:\Program Files\MATLAB\R2010a\bin\win64\libmwspmatrix.dll
0x00007fffa55d0000 - 0x00007fffa5758000 	C:\Windows\SYSTEM32\dbghelp.dll
0x000000007caf0000 - 0x000000007cafa000 	F:\Program Files\MATLAB\R2010a\bin\win64\uinone.dll
0x0000000064260000 - 0x0000000064280000 	C:\Windows\WinSxS\amd64_microsoft.vc80.atl_1fc8b3b9a1e18e3b_8.0.50727.4053_none_8a1a02152edb659b\ATL80.DLL
0x000000007cc60000 - 0x000000007ce7b000 	F:\Program Files\MATLAB\R2010a\bin\win64\libhdf5.dll
0x000000007c9e0000 - 0x000000007c9f3000 	F:\Program Files\MATLAB\R2010a\bin\win64\libmwbinder.dll
0x000000007c990000 - 0x000000007c9a4000 	F:\Program Files\MATLAB\R2010a\bin\win64\ir_xfmr.dll
0x000000007ca90000 - 0x000000007ca9c000 	F:\Program Files\MATLAB\R2010a\bin\win64\mtok.dll
0x00007fffc7c00000 - 0x00007fffc7cb2000 	C:\Windows\SYSTEM32\SHCORE.DLL
0x00007fffcbe60000 - 0x00007fffcbe94000 	C:\Windows\system32\IMM32.DLL
0x00007fffc98a0000 - 0x00007fffc99f2000 	C:\Windows\system32\MSCTF.dll
0x0000000064250000 - 0x000000006425e000 	C:\Windows\WinSxS\amd64_microsoft.vc80.mfcloc_1fc8b3b9a1e18e3b_8.0.50727.4053_none_bc1d1e5b0be08790\MFC80FRA.DLL
0x00007fffc8c80000 - 0x00007fffc8c94000 	C:\Windows\SYSTEM32\profapi.dll
0x00007fffc7920000 - 0x00007fffc7a41000 	C:\Windows\system32\uxtheme.dll
0x00007fffc1990000 - 0x00007fffc19b9000 	C:\Windows\SYSTEM32\iphlpapi.dll
0x00007fffc1970000 - 0x00007fffc197a000 	C:\Windows\SYSTEM32\WINNSI.DLL
0x00007fffc8320000 - 0x00007fffc83c3000 	C:\Windows\SYSTEM32\DNSAPI.dll
0x00007fffc17d0000 - 0x00007fffc17e4000 	C:\Windows\SYSTEM32\dhcpcsvc6.DLL
0x00007fffc17b0000 - 0x00007fffc17c9000 	C:\Windows\SYSTEM32\dhcpcsvc.DLL
0x00007fffc66a0000 - 0x00007fffc66a3000 	C:\Windows\SYSTEM32\icmp.Dll
0x00007fffc6f10000 - 0x00007fffc6f1a000 	C:\Windows\SYSTEM32\kernel.appcore.dll
0x00007fffc8ba0000 - 0x00007fffc8baa000 	C:\Windows\SYSTEM32\CRYPTBASE.dll
0x00007fffc8b40000 - 0x00007fffc8ba0000 	C:\Windows\SYSTEM32\bcryptPrimitives.dll
0x00007fffc9100000 - 0x00007fffc914a000 	C:\Windows\system32\cfgmgr32.dll
0x000000006d7f0000 - 0x000000006dda8000 	F:\Program Files\MATLAB\R2010a\sys\java\jre\win64\jre\bin\server\jvm.dll
0x00007fffc9090000 - 0x00007fffc90af000 	C:\Windows\system32\WINMM.dll
0x00007fffc8d80000 - 0x00007fffc8daa000 	C:\Windows\system32\WINMMBASE.dll
0x00007fffc8d30000 - 0x00007fffc8d56000 	C:\Windows\system32\DEVOBJ.dll
0x000000007aba0000 - 0x000000007abaa000 	F:\Program Files\MATLAB\R2010a\sys\java\jre\win64\jre\bin\hpi.dll
0x000000007abc0000 - 0x000000007abce000 	F:\Program Files\MATLAB\R2010a\sys\java\jre\win64\jre\bin\verify.dll
0x00000000792d0000 - 0x00000000792f7000 	F:\Program Files\MATLAB\R2010a\sys\java\jre\win64\jre\bin\java.dll
0x000000007abd0000 - 0x000000007abe2000 	F:\Program Files\MATLAB\R2010a\sys\java\jre\win64\jre\bin\zip.dll
0x0000000079240000 - 0x000000007926b000 	F:\Program Files\MATLAB\R2010a\bin\win64\nativejava.dll
0x00007fffb7960000 - 0x00007fffb797b000 	C:\Windows\SYSTEM32\MPR.dll
0x0000000079270000 - 0x00000000792a7000 	F:\Program Files\MATLAB\R2010a\bin\win64\nativejmi.dll
0x000000007cae0000 - 0x000000007caed000 	F:\Program Files\MATLAB\R2010a\bin\win64\nativeservices.dll
0x000000007a5c0000 - 0x000000007a782000 	F:\Program Files\MATLAB\R2010a\sys\java\jre\win64\jre\bin\awt.dll
0x00007fffc6e80000 - 0x00007fffc6f08000 	C:\Windows\system32\apphelp.dll
0x00007fffc6570000 - 0x00007fffc6590000 	C:\Windows\SYSTEM32\DWMAPI.DLL
0x000000007acb0000 - 0x000000007ad1b000 	F:\Program Files\MATLAB\R2010a\sys\java\jre\win64\jre\bin\fontmanager.dll
0x0000000079300000 - 0x0000000079317000 	F:\Program Files\MATLAB\R2010a\sys\java\jre\win64\jre\bin\net.dll
0x00007fffc8510000 - 0x00007fffc8568000 	C:\Windows\system32\mswsock.dll
0x000000007abb0000 - 0x000000007abbb000 	F:\Program Files\MATLAB\R2010a\sys\java\jre\win64\jre\bin\nio.dll
0x0000000078300000 - 0x0000000078310000 	F:\Program Files\MATLAB\R2010a\bin\win64\nativelmgr.dll
0x000000007dab0000 - 0x000000007dae5000 	F:\Program Files\MATLAB\R2010a\sys\java\jre\win64\jre\bin\jpeg.dll
0x0000000078310000 - 0x00000000784b8000 	F:\Program Files\MATLAB\R2010a\bin\win64\instutil.dll
0x00007fffb80a0000 - 0x00007fffb80b4000 	C:\Windows\system32\napinsp.dll
0x00007fffb80c0000 - 0x00007fffb80d9000 	C:\Windows\system32\pnrpnsp.dll

VM Arguments:
jvm_args: -Xss512k -XX:PermSize=32m -Xms64m -XX:NewRatio=3 -XX:MaxPermSize=128m -Xmx196m -XX:MaxDirectMemorySize=2147400000 -Dsun.java2d.noddraw=true -Dsun.awt.nopixfmt=true -Xshare:off -Xrs -Djava.library.path=F:\Program Files\MATLAB\R2010a\bin\win64 vfprintf abort 
java_command: <unknown>
Launcher Type: generic

Environment Variables:
JAVA_HOME=C:\Program Files\Java\jdk1.8.0_31
JRE_HOME=C:\Program Files\Java\jre1.8.0_31
CLASSPATH=C:\Program Files\Java\jdk1.8.0_31\bin;.C:\Program Files\Java\jdk1.8.0_31\lib;C:\Program Files\Java\jdk1.8.0_31\lib\tools.jar;F:\adt5.0\sdk\tools;
PATH=C:\Program Files\NVIDIA GPU Computing Toolkit\CUDA\v7.5\bin;C:\Program Files\NVIDIA GPU Computing Toolkit\CUDA\v7.5\libnvvp;;C:\CTEX\MiKTeX\miktex/bin\;C:\CTEX\UserData\miktex\bin;C:\CTEX\MiKTeX\miktex\bin;C:\CTEX\CTeX\ctex\bin;C:\CTEX\CTeX\cct\bin;C:\CTEX\CTeX\ty\bin;C:\CTEX\Ghostscript\gs9.05\bin;C:\CTEX\GSview\gsview;C:\CTEX\WinEdt;C:\Windows\system32;C:\Windows;C:\Windows\system32\wbem;C:\Users\yxu01\.dnx\bin;C:\Program Files\Microsoft DNX\Dnvm\;C:\Program Files (x86)\NVIDIA Corporation\PhysX\Common;C:\Anaconda3;C:\Anaconda3\Scripts;C:\Anaconda3\Library\bin;c:\Program Files (x86)\Microsoft SQL Server\100\Tools\Binn\;c:\Program Files\Microsoft SQL Server\100\Tools\Binn\;c:\Program Files\Microsoft SQL Server\100\DTS\Binn\;C:\SciSoft\TDM-GCC-64\bin;C:\Program Files (x86)\Windows Kits\8.0\Windows Performance Toolkit\;C:\Program Files\Microsoft SQL Server\110\Tools\Binn\;C:\Program Files\Git\cmd;C:\Program Files (x86)\CMake\bin;C:\Program Files\MATLAB\MATLAB Compiler Runtime\v715\runtime\win64;F:\adt5.0\sdk\tools;F:\adt5.0\sdk\platform-tools;C:\Program Files\Java\jdk1.8.0_31\bin;C:/MinGW/bin;C:\SciSoft\TDM-GCC-64\bin;C:\SciSoft\TDM-GCC-64\x86_64-w64-mingw32;
USERNAME=yxu01
OS=Windows_NT
PROCESSOR_IDENTIFIER=Intel64 Family 6 Model 60 Stepping 3, GenuineIntel



---------------  S Y S T E M  ---------------

OS: Windows NT 6.2 Build 9200 

CPU:total 4 (8 cores per cpu, 2 threads per core) family 6 model 12 stepping 3, cmov, cx8, fxsr, mmx, sse, sse2, sse3, ssse3, ht

Memory: 4k page, physical 8268992k(3066892k free), swap 16657600k(9818328k free)

vm_info: Java HotSpot(TM) 64-Bit Server VM (11.2-b01) for windows-amd64 JRE (1.6.0_12-b04), built on Jan 17 2009 01:49:05 by "java_re" with MS VC++ 8.0

time: Sun Apr 24 12:48:00 2016
elapsed time: 7282 seconds

